<?xml version="1.0" encoding="UTF-8"?>
<testsuite xmlns:xsi="http://www.w3.org/2001/XMLSchema-instance" xsi:noNamespaceSchemaLocation="https://maven.apache.org/surefire/maven-surefire-plugin/xsd/surefire-test-report.xsd" name="server.model.NaturalGasEmissionTest" time="0" tests="10" errors="0" skipped="0" failures="0">
  <properties>
[...]
</properties>
  <testcase name="equalsMethodDifferentGasUsageTest" classname="server.model.NaturalGasEmissionTest" time="0"/>
  <testcase name="equalsNullTest" classname="server.model.NaturalGasEmissionTest" time="0"/>
  <testcase name="equalsFalseTest" classname="server.model.NaturalGasEmissionTest" time="0"/>
  <testcase name="equalsMethodSameObjectTest" classname="server.model.NaturalGasEmissionTest" time="0"/>
  <testcase name="equalsMethodDifferentClassTest" classname="server.model.NaturalGasEmissionTest" time="0"/>
  <testcase name="equalsMethodDifferentObjectTest" classname="server.model.NaturalGasEmissionTest" time="0"/>
  <testcase name="getNaturalGasUsageTest" classname="server.model.NaturalGasEmissionTest" time="0"/>
  <testcase name="toStringTest" classname="server.model.NaturalGasEmissionTest" time="0"/>
  <testcase name="setNaturalGasUsageTest" classname="server.model.NaturalGasEmissionTest" time="0"/>
  <testcase name="equalsTrueTest" classname="server.model.NaturalGasEmissionTest" time="0"/>
</testsuite>